<?xml version="1.0" encoding="UTF-8"?>
<!-- Generated by org.testng.reporters.JUnitReportReporter -->
<testsuite skipped="0" hostname="Nagarjuna-Y" name="com.test.automation.RestAssuredAPITesting.TC001_Get_Request" tests="1" failures="0" timestamp="10 Feb 2020 04:34:32 GMT" time="2.333" errors="0">
  <testcase name="getweatherDetails" time="2.333" classname="com.test.automation.RestAssuredAPITesting.TC001_Get_Request"/>
</testsuite> <!-- com.test.automation.RestAssuredAPITesting.TC001_Get_Request -->
