<?xml version="1.0" encoding="UTF-8"?>
<!-- Generated by org.testng.reporters.JUnitReportReporter -->
<testsuite skipped="0" hostname="Nagarjuna-Y" name="com.test.automation.RestAssuredAPITesting.TC003_Get_Request" tests="1" failures="0" timestamp="10 Feb 2020 06:24:16 GMT" time="2.573" errors="0">
  <testcase name="googleMapTest" time="2.573" classname="com.test.automation.RestAssuredAPITesting.TC003_Get_Request"/>
</testsuite> <!-- com.test.automation.RestAssuredAPITesting.TC003_Get_Request -->
